<?xml version="1.0" encoding="UTF-8"?>
<!-- Generated by org.testng.reporters.JUnitReportReporter -->
<testsuite skipped="0" hostname="DESKTOP-EA30RFA" name="Testcases.Accountdatavalidation" tests="1" failures="0" timestamp="2021-06-18T06:59:11 IST" time="9.311" errors="0">
  <testcase name="smlog" time="9.311" classname="Testcases.Accountdatavalidation"/>
  <system-out/>
</testsuite> <!-- Testcases.Accountdatavalidation -->
